# JRE version: Java(TM) SE Runtime Environment (8.0_191-b12) (build 1.8.0_191-b12)
# Java VM: Java HotSpot(TM) Client VM (25.191-b12 mixed mode windows-x86 )
Heap:
 def new generation   total 151488K, used 124228K [0x04c00000, 0x0f060000, 0x0f6a0000)
  eden space 134656K,  79% used [0x04c00000, 0x0b4e1388, 0x0cf80000)
  from space 16832K, 100% used [0x0dff0000, 0x0f060000, 0x0f060000)
  to   space 16832K,   0% used [0x0cf80000, 0x0cf80000, 0x0dff0000)
 tenured generation   total 336516K, used 264268K [0x0f6a0000, 0x23f41000, 0x24c00000)
   the space 336516K,  78% used [0x0f6a0000, 0x1f8b3088, 0x1f8b3200, 0x23f41000)
 Metaspace       used 21518K, capacity 22108K, committed 22144K, reserved 22912K
GC Heap History (10 events):
Event: 8.402 GC heap before
{Heap before GC invocations=9 (full 1):
 def new generation   total 77824K, used 57061K [0x04c00000, 0x0a070000, 0x0f6a0000)
  eden space 69184K,  74% used [0x04c00000, 0x07e98a00, 0x08f90000)
  from space 8640K,  60% used [0x09800000, 0x09d20bc0, 0x0a070000)
  to   space 8640K,   0% used [0x08f90000, 0x08f90000, 0x09800000)
 tenured generation   total 172792K, used 116957K [0x0f6a0000, 0x19f5e000, 0x24c00000)
   the space 172792K,  67% used [0x0f6a0000, 0x168d7468, 0x168d7600, 0x19f5e000)
 Metaspace       used 19524K, capacity 19983K, committed 20056K, reserved 20864K
Event: 8.584 GC heap after
Heap after GC invocations=10 (full 2):
 def new generation   total 102464K, used 0K [0x04c00000, 0x0bb20000, 0x0f6a0000)
  eden space 91136K,   0% used [0x04c00000, 0x04c00000, 0x0a500000)
  from space 11328K,   0% used [0x0a500000, 0x0a500000, 0x0b010000)
  to   space 11328K,   0% used [0x0b010000, 0x0b010000, 0x0bb20000)
 tenured generation   total 227448K, used 136466K [0x0f6a0000, 0x1d4be000, 0x24c00000)
   the space 227448K,  59% used [0x0f6a0000, 0x17be49b0, 0x17be4a00, 0x1d4be000)
 Metaspace       used 19524K, capacity 19983K, committed 20056K, reserved 20864K
}
Event: 70.109 GC heap before
{Heap before GC invocations=10 (full 2):
 def new generation   total 102464K, used 86769K [0x04c00000, 0x0bb20000, 0x0f6a0000)
  eden space 91136K,  95% used [0x04c00000, 0x0a0bc568, 0x0a500000)
  from space 11328K,   0% used [0x0a500000, 0x0a500000, 0x0b010000)
  to   space 11328K,   0% used [0x0b010000, 0x0b010000, 0x0bb20000)
 tenured generation   total 227448K, used 136466K [0x0f6a0000, 0x1d4be000, 0x24c00000)
   the space 227448K,  59% used [0x0f6a0000, 0x17be49b0, 0x17be4a00, 0x1d4be000)
 Metaspace       used 20891K, capacity 21440K, committed 21504K, reserved 21888K
Event: 70.125 GC heap after
Heap after GC invocations=11 (full 2):
 def new generation   total 102464K, used 1857K [0x04c00000, 0x0bb20000, 0x0f6a0000)
  eden space 91136K,   0% used [0x04c00000, 0x04c00000, 0x0a500000)
  from space 11328K,  16% used [0x0b010000, 0x0b1e0788, 0x0bb20000)
  to   space 11328K,   0% used [0x0a500000, 0x0a500000, 0x0b010000)
 tenured generation   total 227448K, used 152514K [0x0f6a0000, 0x1d4be000, 0x24c00000)
   the space 227448K,  67% used [0x0f6a0000, 0x18b909c0, 0x18b90a00, 0x1d4be000)
 Metaspace       used 20891K, capacity 21440K, committed 21504K, reserved 21888K
}
Event: 70.157 GC heap before
{Heap before GC invocations=11 (full 2):
 def new generation   total 102464K, used 34338K [0x04c00000, 0x0bb20000, 0x0f6a0000)
  eden space 91136K,  35% used [0x04c00000, 0x06bb8448, 0x0a500000)
  from space 11328K,  16% used [0x0b010000, 0x0b1e0788, 0x0bb20000)
  to   space 11328K,   0% used [0x0a500000, 0x0a500000, 0x0b010000)
 tenured generation   total 227448K, used 152514K [0x0f6a0000, 0x1d4be000, 0x24c00000)
   the space 227448K,  67% used [0x0f6a0000, 0x18b909c0, 0x18b90a00, 0x1d4be000)
 Metaspace       used 20891K, capacity 21440K, committed 21504K, reserved 21888K
Event: 70.203 GC heap after
Heap after GC invocations=12 (full 2):
 def new generation   total 102464K, used 1301K [0x04c00000, 0x0bb20000, 0x0f6a0000)
  eden space 91136K,   0% used [0x04c00000, 0x04c00000, 0x0a500000)
  from space 11328K,  11% used [0x0a500000, 0x0a645640, 0x0b010000)
  to   space 11328K,   0% used [0x0b010000, 0x0b010000, 0x0bb20000)
 tenured generation   total 227448K, used 184610K [0x0f6a0000, 0x1d4be000, 0x24c00000)
   the space 227448K,  81% used [0x0f6a0000, 0x1aae89d0, 0x1aae8a00, 0x1d4be000)
 Metaspace       used 20891K, capacity 21440K, committed 21504K, reserved 21888K
}
Event: 70.229 GC heap before
{Heap before GC invocations=12 (full 2):
 def new generation   total 102464K, used 65493K [0x04c00000, 0x0bb20000, 0x0f6a0000)
  eden space 91136K,  70% used [0x04c00000, 0x08ab0010, 0x0a500000)
  from space 11328K,  11% used [0x0a500000, 0x0a645640, 0x0b010000)
  to   space 11328K,   0% used [0x0b010000, 0x0b010000, 0x0bb20000)
 tenured generation   total 227448K, used 184610K [0x0f6a0000, 0x1d4be000, 0x24c00000)
   the space 227448K,  81% used [0x0f6a0000, 0x1aae89d0, 0x1aae8a00, 0x1d4be000)
 Metaspace       used 20891K, capacity 21440K, committed 21504K, reserved 21888K
Event: 70.593 GC heap after
Heap after GC invocations=13 (full 3):
 def new generation   total 151488K, used 0K [0x04c00000, 0x0f060000, 0x0f6a0000)
  eden space 134656K,   0% used [0x04c00000, 0x04c00000, 0x0cf80000)
  from space 16832K,   0% used [0x0cf80000, 0x0cf80000, 0x0dff0000)
  to   space 16832K,   0% used [0x0dff0000, 0x0dff0000, 0x0f060000)
 tenured generation   total 336516K, used 201908K [0x0f6a0000, 0x23f41000, 0x24c00000)
   the space 336516K,  59% used [0x0f6a0000, 0x1bbcd348, 0x1bbcd400, 0x23f41000)
 Metaspace       used 20891K, capacity 21440K, committed 21504K, reserved 21888K
}
Event: 73.324 GC heap before
{Heap before GC invocations=13 (full 3):
 def new generation   total 151488K, used 134656K [0x04c00000, 0x0f060000, 0x0f6a0000)
  eden space 134656K, 100% used [0x04c00000, 0x0cf80000, 0x0cf80000)
  from space 16832K,   0% used [0x0cf80000, 0x0cf80000, 0x0dff0000)
  to   space 16832K,   0% used [0x0dff0000, 0x0dff0000, 0x0f060000)
 tenured generation   total 336516K, used 201908K [0x0f6a0000, 0x23f41000, 0x24c00000)
   the space 336516K,  59% used [0x0f6a0000, 0x1bbcd348, 0x1bbcd400, 0x23f41000)
 Metaspace       used 20891K, capacity 21440K, committed 21504K, reserved 21888K
Event: 73.460 GC heap after
Heap after GC invocations=14 (full 3):
 def new generation   total 151488K, used 16832K [0x04c00000, 0x0f060000, 0x0f6a0000)
  eden space 134656K,   0% used [0x04c00000, 0x04c00000, 0x0cf80000)
  from space 16832K, 100% used [0x0dff0000, 0x0f060000, 0x0f060000)
  to   space 16832K,   0% used [0x0cf80000, 0x0cf80000, 0x0dff0000)
 tenured generation   total 336516K, used 264268K [0x0f6a0000, 0x23f41000, 0x24c00000)
   the space 336516K,  78% used [0x0f6a0000, 0x1f8b3088, 0x1f8b3200, 0x23f41000)
 Metaspace       used 20891K, capacity 21440K, committed 21504K, reserved 21888K
}

