# JRE version: Java(TM) SE Runtime Environment (8.0_191-b12) (build 1.8.0_191-b12)
# Java VM: Java HotSpot(TM) Client VM (25.191-b12 mixed mode windows-x86 )
Heap:
 def new generation   total 102080K, used 11439K [0x05400000, 0x0c2c0000, 0x0fea0000)
  eden space 90752K,  12% used [0x05400000, 0x05f2bee0, 0x0aca0000)
  from space 11328K,   0% used [0x0aca0000, 0x0aca0000, 0x0b7b0000)
  to   space 11328K,   0% used [0x0b7b0000, 0x0b7b0000, 0x0c2c0000)
 tenured generation   total 226696K, used 136017K [0x0fea0000, 0x1dc02000, 0x25400000)
   the space 226696K,  59% used [0x0fea0000, 0x183744b8, 0x18374600, 0x1dc02000)
 Metaspace       used 20027K, capacity 20473K, committed 20524K, reserved 20864K
GC Heap History (10 events):
Event: 2.216 GC heap before
{Heap before GC invocations=5 (full 0):
 def new generation   total 39296K, used 39296K [0x05400000, 0x07ea0000, 0x0fea0000)
  eden space 34944K, 100% used [0x05400000, 0x07620000, 0x07620000)
  from space 4352K, 100% used [0x07a60000, 0x07ea0000, 0x07ea0000)
  to   space 4352K,   0% used [0x07620000, 0x07620000, 0x07a60000)
 tenured generation   total 87424K, used 79635K [0x0fea0000, 0x15400000, 0x25400000)
   the space 87424K,  91% used [0x0fea0000, 0x14c64f50, 0x14c65000, 0x15400000)
 Metaspace       used 11801K, capacity 12071K, committed 12160K, reserved 12672K
Event: 2.389 GC heap after
Heap after GC invocations=6 (full 1):
 def new generation   total 77504K, used 4308K [0x05400000, 0x0a810000, 0x0fea0000)
  eden space 68928K,   6% used [0x05400000, 0x05835108, 0x09750000)
  from space 8576K,   0% used [0x09750000, 0x09750000, 0x09fb0000)
  to   space 8576K,   0% used [0x09fb0000, 0x09fb0000, 0x0a810000)
 tenured generation   total 172048K, used 103227K [0x0fea0000, 0x1a6a4000, 0x25400000)
   the space 172048K,  59% used [0x0fea0000, 0x1636ee50, 0x1636f000, 0x1a6a4000)
 Metaspace       used 11801K, capacity 12071K, committed 12160K, reserved 12672K
}
Event: 2.777 GC heap before
{Heap before GC invocations=6 (full 1):
 def new generation   total 77504K, used 68928K [0x05400000, 0x0a810000, 0x0fea0000)
  eden space 68928K, 100% used [0x05400000, 0x09750000, 0x09750000)
  from space 8576K,   0% used [0x09750000, 0x09750000, 0x09fb0000)
  to   space 8576K,   0% used [0x09fb0000, 0x09fb0000, 0x0a810000)
 tenured generation   total 172048K, used 103227K [0x0fea0000, 0x1a6a4000, 0x25400000)
   the space 172048K,  59% used [0x0fea0000, 0x1636ee50, 0x1636f000, 0x1a6a4000)
 Metaspace       used 12254K, capacity 12519K, committed 12544K, reserved 12672K
Event: 2.845 GC heap after
Heap after GC invocations=7 (full 1):
 def new generation   total 77504K, used 8576K [0x05400000, 0x0a810000, 0x0fea0000)
  eden space 68928K,   0% used [0x05400000, 0x05400000, 0x09750000)
  from space 8576K, 100% used [0x09fb0000, 0x0a810000, 0x0a810000)
  to   space 8576K,   0% used [0x09750000, 0x09750000, 0x09fb0000)
 tenured generation   total 172048K, used 107983K [0x0fea0000, 0x1a6a4000, 0x25400000)
   the space 172048K,  62% used [0x0fea0000, 0x16813e08, 0x16814000, 0x1a6a4000)
 Metaspace       used 12254K, capacity 12519K, committed 12544K, reserved 12672K
}
Event: 4.786 GC heap before
{Heap before GC invocations=7 (full 1):
 def new generation   total 77504K, used 77504K [0x05400000, 0x0a810000, 0x0fea0000)
  eden space 68928K, 100% used [0x05400000, 0x09750000, 0x09750000)
  from space 8576K, 100% used [0x09fb0000, 0x0a810000, 0x0a810000)
  to   space 8576K,   0% used [0x09750000, 0x09750000, 0x09fb0000)
 tenured generation   total 172048K, used 107983K [0x0fea0000, 0x1a6a4000, 0x25400000)
   the space 172048K,  62% used [0x0fea0000, 0x16813e08, 0x16814000, 0x1a6a4000)
 Metaspace       used 13661K, capacity 13921K, committed 13952K, reserved 14720K
Event: 4.816 GC heap after
Heap after GC invocations=8 (full 1):
 def new generation   total 77504K, used 4251K [0x05400000, 0x0a810000, 0x0fea0000)
  eden space 68928K,   0% used [0x05400000, 0x05400000, 0x09750000)
  from space 8576K,  49% used [0x09750000, 0x09b76e48, 0x09fb0000)
  to   space 8576K,   0% used [0x09fb0000, 0x09fb0000, 0x0a810000)
 tenured generation   total 172048K, used 116536K [0x0fea0000, 0x1a6a4000, 0x25400000)
   the space 172048K,  67% used [0x0fea0000, 0x1706e3f0, 0x1706e400, 0x1a6a4000)
 Metaspace       used 13661K, capacity 13921K, committed 13952K, reserved 14720K
}
Event: 7.349 GC heap before
{Heap before GC invocations=8 (full 1):
 def new generation   total 77504K, used 73179K [0x05400000, 0x0a810000, 0x0fea0000)
  eden space 68928K, 100% used [0x05400000, 0x09750000, 0x09750000)
  from space 8576K,  49% used [0x09750000, 0x09b76e48, 0x09fb0000)
  to   space 8576K,   0% used [0x09fb0000, 0x09fb0000, 0x0a810000)
 tenured generation   total 172048K, used 116536K [0x0fea0000, 0x1a6a4000, 0x25400000)
   the space 172048K,  67% used [0x0fea0000, 0x1706e3f0, 0x1706e400, 0x1a6a4000)
 Metaspace       used 14159K, capacity 14450K, committed 14592K, reserved 14720K
Event: 7.359 GC heap after
Heap after GC invocations=9 (full 1):
 def new generation   total 77504K, used 4203K [0x05400000, 0x0a810000, 0x0fea0000)
  eden space 68928K,   0% used [0x05400000, 0x05400000, 0x09750000)
  from space 8576K,  49% used [0x09fb0000, 0x0a3caf38, 0x0a810000)
  to   space 8576K,   0% used [0x09750000, 0x09750000, 0x09fb0000)
 tenured generation   total 172048K, used 116536K [0x0fea0000, 0x1a6a4000, 0x25400000)
   the space 172048K,  67% used [0x0fea0000, 0x1706e3f0, 0x1706e400, 0x1a6a4000)
 Metaspace       used 14159K, capacity 14450K, committed 14592K, reserved 14720K
}
Event: 8.382 GC heap before
{Heap before GC invocations=9 (full 1):
 def new generation   total 77504K, used 56774K [0x05400000, 0x0a810000, 0x0fea0000)
  eden space 68928K,  76% used [0x05400000, 0x087569f8, 0x09750000)
  from space 8576K,  49% used [0x09fb0000, 0x0a3caf38, 0x0a810000)
  to   space 8576K,   0% used [0x09750000, 0x09750000, 0x09fb0000)
 tenured generation   total 172048K, used 116536K [0x0fea0000, 0x1a6a4000, 0x25400000)
   the space 172048K,  67% used [0x0fea0000, 0x1706e3f0, 0x1706e400, 0x1a6a4000)
 Metaspace       used 19808K, capacity 20249K, committed 20268K, reserved 20864K
Event: 8.651 GC heap after
Heap after GC invocations=10 (full 2):
 def new generation   total 102080K, used 0K [0x05400000, 0x0c2c0000, 0x0fea0000)
  eden space 90752K,   0% used [0x05400000, 0x05400000, 0x0aca0000)
  from space 11328K,   0% used [0x0aca0000, 0x0aca0000, 0x0b7b0000)
  to   space 11328K,   0% used [0x0b7b0000, 0x0b7b0000, 0x0c2c0000)
 tenured generation   total 226696K, used 136017K [0x0fea0000, 0x1dc02000, 0x25400000)
   the space 226696K,  59% used [0x0fea0000, 0x183744b8, 0x18374600, 0x1dc02000)
 Metaspace       used 19808K, capacity 20249K, committed 20268K, reserved 20864K
}

